[INFO] Scanning for projects...
[INFO] 
[INFO] ----------------------< com.example:smtp-service >----------------------
[INFO] Building smtp-service 0.0.1-SNAPSHOT
[INFO]   from pom.xml
[INFO] --------------------------------[ jar ]---------------------------------
[INFO] 
[INFO] >>> spring-boot:3.2.0:run (default-cli) > test-compile @ smtp-service >>>
[INFO] 
[INFO] --- resources:3.3.1:resources (default-resources) @ smtp-service ---
[INFO] Copying 2 resources from src\main\resources to target\classes
[INFO] 
[INFO] --- compiler:3.11.0:compile (default-compile) @ smtp-service ---
[INFO] Nothing to compile - all classes are up to date
[INFO] 
[INFO] --- resources:3.3.1:testResources (default-testResources) @ smtp-service ---
[INFO] skip non existing resourceDirectory D:\WORKSPACE\smtp-service\smtp-service\src\test\resources
[INFO] 
[INFO] --- compiler:3.11.0:testCompile (default-testCompile) @ smtp-service ---
[INFO] No sources to compile
[INFO] 
[INFO] <<< spring-boot:3.2.0:run (default-cli) < test-compile @ smtp-service <<<
[INFO] 
[INFO] 
[INFO] --- spring-boot:3.2.0:run (default-cli) @ smtp-service ---
[INFO] Attaching agents: []

  .   ____          _            __ _ _
 /\\ / ___'_ __ _ _(_)_ __  __ _ \ \ \ \
( ( )\___ | '_ | '_| | '_ \/ _` | \ \ \ \
 \\/  ___)| |_)| | | | | || (_| |  ) ) ) )
  '  |____| .__|_| |_|_| |_\__, | / / / /
 =========|_|==============|___/=/_/_/_/
 :: Spring Boot ::                (v3.2.0)

2025-11-28T22:12:10.655+05:30  INFO 21868 --- [smtp-service] [           main] c.example.smtp.SmtpServiceApplication    : Starting SmtpServiceApplication using Java 21.0.7 with PID 21868 (D:\WORKSPACE\smtp-service\smtp-service\target\classes started by prabh in D:\WORKSPACE\smtp-service\smtp-service)
2025-11-28T22:12:10.656+05:30  INFO 21868 --- [smtp-service] [           main] c.example.smtp.SmtpServiceApplication    : No active profile set, falling back to 1 default profile: "default"
2025-11-28T22:12:10.898+05:30  INFO 21868 --- [smtp-service] [           main] .s.d.r.c.RepositoryConfigurationDelegate : Bootstrapping Spring Data JPA repositories in DEFAULT mode.
2025-11-28T22:12:10.941+05:30  INFO 21868 --- [smtp-service] [           main] .s.d.r.c.RepositoryConfigurationDelegate : Finished Spring Data repository scanning in 38 ms. Found 7 JPA repository interfaces.
2025-11-28T22:12:11.238+05:30  INFO 21868 --- [smtp-service] [           main] o.hibernate.jpa.internal.util.LogHelper  : HHH000204: Processing PersistenceUnitInfo [name: default]
2025-11-28T22:12:11.273+05:30  INFO 21868 --- [smtp-service] [           main] org.hibernate.Version                    : HHH000412: Hibernate ORM core version 6.3.1.Final
2025-11-28T22:12:11.294+05:30  INFO 21868 --- [smtp-service] [           main] o.h.c.internal.RegionFactoryInitiator    : HHH000026: Second-level cache disabled
2025-11-28T22:12:11.497+05:30  INFO 21868 --- [smtp-service] [           main] o.s.o.j.p.SpringPersistenceUnitInfo      : No LoadTimeWeaver setup: ignoring JPA class transformer
2025-11-28T22:12:11.514+05:30  INFO 21868 --- [smtp-service] [           main] com.zaxxer.hikari.HikariDataSource       : HikariPool-1 - Starting...
2025-11-28T22:12:11.657+05:30  INFO 21868 --- [smtp-service] [           main] com.zaxxer.hikari.pool.HikariPool        : HikariPool-1 - Added connection org.postgresql.jdbc.PgConnection@38291795
2025-11-28T22:12:11.658+05:30  INFO 21868 --- [smtp-service] [           main] com.zaxxer.hikari.HikariDataSource       : HikariPool-1 - Start completed.
2025-11-28T22:12:11.677+05:30  WARN 21868 --- [smtp-service] [           main] org.hibernate.orm.deprecation            : HHH90000025: PostgreSQLDialect does not need to be specified explicitly using 'hibernate.dialect' (remove the property setting and it will be selected by default)
2025-11-28T22:12:12.277+05:30  INFO 21868 --- [smtp-service] [           main] o.h.e.t.j.p.i.JtaPlatformInitiator       : HHH000489: No JTA platform available (set 'hibernate.transaction.jta.platform' to enable JTA platform integration)
2025-11-28T22:12:12.385+05:30  INFO 21868 --- [smtp-service] [           main] j.LocalContainerEntityManagerFactoryBean : Initialized JPA EntityManagerFactory for persistence unit 'default'
2025-11-28T22:12:12.627+05:30  INFO 21868 --- [smtp-service] [           main] o.s.d.j.r.query.QueryEnhancerFactory     : Hibernate is in classpath; If applicable, HQL parser will be used.
2025-11-28T22:12:12.949+05:30  INFO 21868 --- [smtp-service] [           main] org.subethamail.smtp.server.SMTPServer   : SMTP server *:25000 starting
2025-11-28T22:12:12.950+05:30  INFO 21868 --- [smtp-service] [rThread *:25000] o.s.smtp.internal.server.ServerThread    : SMTP server *:25000 started
2025-11-28T22:12:12.952+05:30  INFO 21868 --- [smtp-service] [           main] org.subethamail.smtp.server.SMTPServer   : SMTP server *:58700 starting
2025-11-28T22:12:12.952+05:30  INFO 21868 --- [smtp-service] [rThread *:58700] o.s.smtp.internal.server.ServerThread    : SMTP server *:58700 started
2025-11-28T22:12:13.088+05:30  INFO 21868 --- [smtp-service] [           main] c.example.smtp.SmtpServiceApplication    : Started SmtpServiceApplication in 2.676 seconds (process running for 2.902)
2025-11-28T22:12:13.090+05:30  INFO 21868 --- [smtp-service] [           main] c.e.smtp.runner.OutboundTestRunner       : Inserting test outbound email...
2025-11-28T22:12:13.138+05:30  INFO 21868 --- [smtp-service] [           main] c.e.smtp.runner.OutboundTestRunner       : Test outbound email inserted with ID: 3
2025-11-28T22:12:13.177+05:30  INFO 21868 --- [smtp-service] [   scheduling-1] com.example.smtp.worker.QueueWorker      : Found 2 emails due for delivery
2025-11-28T22:12:13.177+05:30  INFO 21868 --- [smtp-service] [   scheduling-1] c.example.smtp.service.DeliveryService   : Attempting delivery for email ID: 1 to recipient@localhost
2025-11-28T22:12:13.197+05:30  WARN 21868 --- [smtp-service] [   scheduling-1] com.example.smtp.service.DkimService     : DKIM private key not found at dkim.key. Skipping signing.
2025-11-28T22:12:13.210+05:30  WARN 21868 --- [smtp-service] [   scheduling-1] com.example.smtp.worker.QueueWorker      : Email ID: 1 failed. Retrying in 4 minutes. Error: class com.sun.mail.handlers.text_plain cannot be cast to class jakarta.activation.DataContentHandler (com.sun.mail.handlers.text_plain and jakarta.activation.DataContentHandler are in unnamed module of loader 'app')
2025-11-28T22:12:13.231+05:30  INFO 21868 --- [smtp-service] [   scheduling-1] c.example.smtp.service.DeliveryService   : Attempting delivery for email ID: 2 to recipient@localhost
2025-11-28T22:12:13.233+05:30  WARN 21868 --- [smtp-service] [   scheduling-1] com.example.smtp.service.DkimService     : DKIM private key not found at dkim.key. Skipping signing.
2025-11-28T22:12:13.233+05:30  WARN 21868 --- [smtp-service] [   scheduling-1] com.example.smtp.worker.QueueWorker      : Email ID: 2 failed. Retrying in 4 minutes. Error: class com.sun.mail.handlers.text_plain cannot be cast to class jakarta.activation.DataContentHandler (com.sun.mail.handlers.text_plain and jakarta.activation.DataContentHandler are in unnamed module of loader 'app')
2025-11-28T22:12:23.255+05:30  INFO 21868 --- [smtp-service] [   scheduling-1] com.example.smtp.worker.QueueWorker      : Found 1 emails due for delivery
2025-11-28T22:12:23.255+05:30  INFO 21868 --- [smtp-service] [   scheduling-1] c.example.smtp.service.DeliveryService   : Attempting delivery for email ID: 3 to recipient@localhost
2025-11-28T22:12:23.257+05:30  WARN 21868 --- [smtp-service] [   scheduling-1] com.example.smtp.service.DkimService     : DKIM private key not found at dkim.key. Skipping signing.
2025-11-28T22:12:23.257+05:30  WARN 21868 --- [smtp-service] [   scheduling-1] com.example.smtp.worker.QueueWorker      : Email ID: 3 failed. Retrying in 2 minutes. Error: class com.sun.mail.handlers.text_plain cannot be cast to class jakarta.activation.DataContentHandler (com.sun.mail.handlers.text_plain and jakarta.activation.DataContentHandler are in unnamed module of loader 'app')
2025-11-28T22:14:23.438+05:30  INFO 21868 --- [smtp-service] [   scheduling-1] com.example.smtp.worker.QueueWorker      : Found 1 emails due for delivery
2025-11-28T22:14:23.438+05:30  INFO 21868 --- [smtp-service] [   scheduling-1] c.example.smtp.service.DeliveryService   : Attempting delivery for email ID: 3 to recipient@localhost
2025-11-28T22:14:23.440+05:30  WARN 21868 --- [smtp-service] [   scheduling-1] com.example.smtp.service.DkimService     : DKIM private key not found at dkim.key. Skipping signing.
2025-11-28T22:14:23.440+05:30  WARN 21868 --- [smtp-service] [   scheduling-1] com.example.smtp.worker.QueueWorker      : Email ID: 3 failed. Retrying in 4 minutes. Error: class com.sun.mail.handlers.text_plain cannot be cast to class jakarta.activation.DataContentHandler (com.sun.mail.handlers.text_plain and jakarta.activation.DataContentHandler are in unnamed module of loader 'app')
